[debug] [2019-11-04T01:11:37.116Z] ----------------------------------------------------------------------
[debug] [2019-11-04T01:11:37.118Z] Command:       /usr/local/Cellar/node/12.10.0/bin/node /usr/local/bin/firebase serve
[debug] [2019-11-04T01:11:37.118Z] CLI Version:   7.6.2
[debug] [2019-11-04T01:11:37.118Z] Platform:      darwin
[debug] [2019-11-04T01:11:37.118Z] Node Version:  v12.10.0
[debug] [2019-11-04T01:11:37.119Z] Time:          Sun Nov 03 2019 23:11:37 GMT-0200 (Horário de Verão de Brasília)
[debug] [2019-11-04T01:11:37.119Z] ----------------------------------------------------------------------
[debug] [2019-11-04T01:11:37.120Z] 
[debug] [2019-11-04T01:11:37.130Z] > command requires scopes: ["email","openid","https://www.googleapis.com/auth/cloudplatformprojects.readonly","https://www.googleapis.com/auth/firebase","https://www.googleapis.com/auth/cloud-platform"]
[debug] [2019-11-04T01:11:37.130Z] > authorizing via signed-in user
[debug] [2019-11-04T01:11:37.131Z] [iam] checking project notificacao-lomadee for permissions ["firebase.projects.get"]
[debug] [2019-11-04T01:11:37.133Z] >>> HTTP REQUEST POST https://cloudresourcemanager.googleapis.com/v1/projects/notificacao-lomadee:testIamPermissions  

[debug] [2019-11-04T01:11:38.304Z] <<< HTTP RESPONSE 200
[debug] [2019-11-04T01:11:38.307Z] >>> HTTP REQUEST GET https://firebase.googleapis.com/v1beta1/projects/notificacao-lomadee  
 
[debug] [2019-11-04T01:11:39.840Z] <<< HTTP RESPONSE 200
[info] 
[info] === Serving from '/Users/dirceupaukajunior/Desktop/notificacao-lomadee'...
[info] 
[debug] [2019-11-04T01:11:39.843Z] >>> HTTP REQUEST GET https://firebase.googleapis.com/v1beta1/projects/notificacao-lomadee/webApps/-/config  
 
[debug] [2019-11-04T01:11:41.367Z] <<< HTTP RESPONSE 200
[info] i  hosting: Serving hosting files from: public
[info] ✔  hosting: Local server: http://localhost:5000
